Command line:
   decoder_isim_beh.exe
     -simmode  gui
     -simrunnum  0
     -socket  64470

Thu Apr 20 08:54:06 2017


 Elaboration Time: 0.15625 sec

 Current Memory Usage: 1495.81 Meg

 Total Signals          : 22
 Total Nets             : 186
 Total Signal Drivers   : 6
 Total Blocks           : 2
 Total Primitive Blocks : 2
 Total Processes        : 8
 Total Traceable Variables  : 19
 Total Scalar Nets and Variables : 290
Total Line Count : 25

 Total Simulation Time: 0.15625 sec

 Current Memory Usage: 1495.81 Meg

Thu Apr 20 08:54:15 2017

