Release 14.7 - xst P.20131013 (nt64)
Copyright (c) 1995-2013 Xilinx, Inc.  All rights reserved.
--> Parameter TMPDIR set to xst/projnav.tmp


Total REAL time to Xst completion: 0.00 secs
Total CPU time to Xst completion: 0.10 secs
 
--> Parameter xsthdpdir set to xst


Total REAL time to Xst completion: 0.00 secs
Total CPU time to Xst completion: 0.10 secs
 
--> Reading design: PC.prj

TABLE OF CONTENTS
  1) Synthesis Options Summary
  2) HDL Parsing
  3) HDL Elaboration
  4) HDL Synthesis
       4.1) HDL Synthesis Report
  5) Advanced HDL Synthesis
       5.1) Advanced HDL Synthesis Report
  6) Low Level Synthesis
  7) Partition Report
  8) Design Summary
       8.1) Primitive and Black Box Usage
       8.2) Device utilization summary
       8.3) Partition Resource Summary
       8.4) Timing Report
            8.4.1) Clock Information
            8.4.2) Asynchronous Control Signals Information
            8.4.3) Timing Summary
            8.4.4) Timing Details
            8.4.5) Cross Clock Domains Report


=========================================================================
*                      Synthesis Options Summary                        *
=========================================================================
---- Source Parameters
Input File Name                    : "PC.prj"
Ignore Synthesis Constraint File   : NO

---- Target Parameters
Output File Name                   : "PC"
Output Format                      : NGC
Target Device                      : xc6slx45-3-csg324

---- Source Options
Top Module Name                    : PC
Automatic FSM Extraction           : YES
FSM Encoding Algorithm             : Auto
Safe Implementation                : No
FSM Style                          : LUT
RAM Extraction                     : Yes
RAM Style                          : Auto
ROM Extraction                     : Yes
Shift Register Extraction          : YES
ROM Style                          : Auto
Resource Sharing                   : YES
Asynchronous To Synchronous        : NO
Shift Register Minimum Size        : 2
Use DSP Block                      : Auto
Automatic Register Balancing       : No

---- Target Options
LUT Combining                      : Auto
Reduce Control Sets                : Auto
Add IO Buffers                     : YES
Global Maximum Fanout              : 100000
Add Generic Clock Buffer(BUFG)     : 16
Register Duplication               : YES
Optimize Instantiated Primitives   : NO
Use Clock Enable                   : Auto
Use Synchronous Set                : Auto
Use Synchronous Reset              : Auto
Pack IO Registers into IOBs        : Auto
Equivalent register Removal        : YES

---- General Options
Optimization Goal                  : Speed
Optimization Effort                : 1
Power Reduction                    : NO
Keep Hierarchy                     : No
Netlist Hierarchy                  : As_Optimized
RTL Output                         : Yes
Global Optimization                : AllClockNets
Read Cores                         : YES
Write Timing Constraints           : NO
Cross Clock Analysis               : NO
Hierarchy Separator                : /
Bus Delimiter                      : <>
Case Specifier                     : Maintain
Slice Utilization Ratio            : 100
BRAM Utilization Ratio             : 100
DSP48 Utilization Ratio            : 100
Auto BRAM Packing                  : NO
Slice Utilization Ratio Delta      : 5

=========================================================================


=========================================================================
*                          HDL Parsing                                  *
=========================================================================
Analyzing Verilog file "C:\Users\adhit\Desktop\Processor Design\Projects\Processor\Start\PC.v" into library work
Parsing module <PC>.

=========================================================================
*                            HDL Elaboration                            *
=========================================================================

Elaborating module <PC>.

=========================================================================
*                           HDL Synthesis                               *
=========================================================================

Synthesizing Unit <PC>.
    Related source file is "C:\Users\adhit\Desktop\Processor Design\Projects\Processor\Start\PC.v".
        PCWIDTH = 9
    Found 9-bit register for signal <ins_addr>.
    Found 9-bit adder for signal <ins_addr[8]_GND_1_o_add_1_OUT> created at line 25.
    Summary:
	inferred   1 Adder/Subtractor(s).
	inferred   9 D-type flip-flop(s).
	inferred   1 Multiplexer(s).
Unit <PC> synthesized.

=========================================================================
HDL Synthesis Report

Macro Statistics
# Adders/Subtractors                                   : 1
 9-bit adder                                           : 1
# Registers                                            : 1
 9-bit register                                        : 1
# Multiplexers                                         : 1
 9-bit 2-to-1 multiplexer                              : 1

=========================================================================

=========================================================================
*                       Advanced HDL Synthesis                          *
=========================================================================


Synthesizing (advanced) Unit <PC>.
The following registers are absorbed into counter <ins_addr>: 1 register on signal <ins_addr>.
Unit <PC> synthesized (advanced).

=========================================================================
Advanced HDL Synthesis Report

Macro Statistics
# Counters                                             : 1
 9-bit up counter                                      : 1

=========================================================================

=========================================================================
*                         Low Level Synthesis                           *
=========================================================================

Optimizing unit <PC> ...

Mapping all equations...
Building and optimizing final netlist ...
Found area constraint ratio of 100 (+ 5) on block PC, actual ratio is 0.

Final Macro Processing ...

=========================================================================
Final Register Report

Macro Statistics
# Registers                                            : 9
 Flip-Flops                                            : 9

=========================================================================

=========================================================================
*                           Partition Report                            *
=========================================================================

Partition Implementation Status
-------------------------------

  No Partitions were found in this design.

-------------------------------

=========================================================================
*                            Design Summary                             *
=========================================================================

Top Level Output File Name         : PC.ngc

Primitive and Black Box Usage:
------------------------------
# BELS                             : 29
#      GND                         : 1
#      INV                         : 1
#      LUT2                        : 1
#      LUT3                        : 9
#      MUXCY                       : 8
#      XORCY                       : 9
# FlipFlops/Latches                : 9
#      FDE                         : 9
# Clock Buffers                    : 1
#      BUFGP                       : 1
# IO Buffers                       : 20
#      IBUF                        : 11
#      OBUF                        : 9

Device utilization summary:
---------------------------

Selected Device : 6slx45csg324-3 


Slice Logic Utilization: 
 Number of Slice Registers:               9  out of  54576     0%  
 Number of Slice LUTs:                   11  out of  27288     0%  
    Number used as Logic:                11  out of  27288     0%  

Slice Logic Distribution: 
 Number of LUT Flip Flop pairs used:     11
   Number with an unused Flip Flop:       2  out of     11    18%  
   Number with an unused LUT:             0  out of     11     0%  
   Number of fully used LUT-FF pairs:     9  out of     11    81%  
   Number of unique control sets:         1

IO Utilization: 
 Number of IOs:                          21
 Number of bonded IOBs:                  21  out of    218     9%  

Specific Feature Utilization:
 Number of BUFG/BUFGCTRLs:                1  out of     16     6%  

---------------------------
Partition Resource Summary:
---------------------------

  No Partitions were found in this design.

---------------------------


=========================================================================
Timing Report

NOTE: THESE TIMING NUMBERS ARE ONLY A SYNTHESIS ESTIMATE.
      FOR ACCURATE TIMING INFORMATION PLEASE REFER TO THE TRACE REPORT
      GENERATED AFTER PLACE-and-ROUTE.

Clock Information:
------------------
-----------------------------------+------------------------+-------+
Clock Signal                       | Clock buffer(FF name)  | Load  |
-----------------------------------+------------------------+-------+
clk                                | BUFGP                  | 9     |
-----------------------------------+------------------------+-------+

Asynchronous Control Signals Information:
----------------------------------------
No asynchronous control signals found in this design

Timing Summary:
---------------
Speed Grade: -3

   Minimum period: 1.856ns (Maximum Frequency: 538.720MHz)
   Minimum input arrival time before clock: 3.563ns
   Maximum output required time after clock: 3.634ns
   Maximum combinational path delay: No path found

Timing Details:
---------------
All values displayed in nanoseconds (ns)

=========================================================================
Timing constraint: Default period analysis for Clock 'clk'
  Clock period: 1.856ns (frequency: 538.720MHz)
  Total number of paths / destination ports: 45 / 9
-------------------------------------------------------------------------
Delay:               1.856ns (Levels of Logic = 10)
  Source:            ins_addr_0 (FF)
  Destination:       ins_addr_8 (FF)
  Source Clock:      clk rising
  Destination Clock: clk rising

  Data Path: ins_addr_0 to ins_addr_8
                                Gate     Net
    Cell:in->out      fanout   Delay   Delay  Logical Name (Net Name)
    ----------------------------------------  ------------
     FDE:C->Q              2   0.447   0.617  ins_addr_0 (ins_addr_0)
     LUT3:I2->O            1   0.205   0.000  Mcount_ins_addr_lut<0> (Mcount_ins_addr_lut<0>)
     MUXCY:S->O            1   0.172   0.000  Mcount_ins_addr_cy<0> (Mcount_ins_addr_cy<0>)
     MUXCY:CI->O           1   0.019   0.000  Mcount_ins_addr_cy<1> (Mcount_ins_addr_cy<1>)
     MUXCY:CI->O           1   0.019   0.000  Mcount_ins_addr_cy<2> (Mcount_ins_addr_cy<2>)
     MUXCY:CI->O           1   0.019   0.000  Mcount_ins_addr_cy<3> (Mcount_ins_addr_cy<3>)
     MUXCY:CI->O           1   0.019   0.000  Mcount_ins_addr_cy<4> (Mcount_ins_addr_cy<4>)
     MUXCY:CI->O           1   0.019   0.000  Mcount_ins_addr_cy<5> (Mcount_ins_addr_cy<5>)
     MUXCY:CI->O           1   0.019   0.000  Mcount_ins_addr_cy<6> (Mcount_ins_addr_cy<6>)
     MUXCY:CI->O           0   0.019   0.000  Mcount_ins_addr_cy<7> (Mcount_ins_addr_cy<7>)
     XORCY:CI->O           1   0.180   0.000  Mcount_ins_addr_xor<8> (Mcount_ins_addr8)
     FDE:D                     0.102          ins_addr_8
    ----------------------------------------
    Total                      1.856ns (1.239ns logic, 0.617ns route)
                                       (66.7% logic, 33.3% route)

=========================================================================
Timing constraint: Default OFFSET IN BEFORE for Clock 'clk'
  Total number of paths / destination ports: 117 / 18
-------------------------------------------------------------------------
Offset:              3.563ns (Levels of Logic = 2)
  Source:            load (PAD)
  Destination:       ins_addr_0 (FF)
  Destination Clock: clk rising

  Data Path: load to ins_addr_0
                                Gate     Net
    Cell:in->out      fanout   Delay   Delay  Logical Name (Net Name)
    ----------------------------------------  ------------
     IBUF:I->O            11   1.222   0.987  load_IBUF (load_IBUF)
     LUT2:I0->O            9   0.203   0.829  _n0013_inv1 (_n0013_inv)
     FDE:CE                    0.322          ins_addr_0
    ----------------------------------------
    Total                      3.563ns (1.747ns logic, 1.816ns route)
                                       (49.0% logic, 51.0% route)

=========================================================================
Timing constraint: Default OFFSET OUT AFTER for Clock 'clk'
  Total number of paths / destination ports: 9 / 9
-------------------------------------------------------------------------
Offset:              3.634ns (Levels of Logic = 1)
  Source:            ins_addr_8 (FF)
  Destination:       ins_addr<8> (PAD)
  Source Clock:      clk rising

  Data Path: ins_addr_8 to ins_addr<8>
                                Gate     Net
    Cell:in->out      fanout   Delay   Delay  Logical Name (Net Name)
    ----------------------------------------  ------------
     FDE:C->Q              2   0.447   0.616  ins_addr_8 (ins_addr_8)
     OBUF:I->O                 2.571          ins_addr_8_OBUF (ins_addr<8>)
    ----------------------------------------
    Total                      3.634ns (3.018ns logic, 0.616ns route)
                                       (83.0% logic, 17.0% route)

=========================================================================

Cross Clock Domains Report:
--------------------------

Clock to Setup on destination clock clk
---------------+---------+---------+---------+---------+
               | Src:Rise| Src:Fall| Src:Rise| Src:Fall|
Source Clock   |Dest:Rise|Dest:Rise|Dest:Fall|Dest:Fall|
---------------+---------+---------+---------+---------+
clk            |    1.856|         |         |         |
---------------+---------+---------+---------+---------+

=========================================================================


Total REAL time to Xst completion: 6.00 secs
Total CPU time to Xst completion: 5.52 secs
 
--> 

Total memory usage is 291664 kilobytes

Number of errors   :    0 (   0 filtered)
Number of warnings :    0 (   0 filtered)
Number of infos    :    0 (   0 filtered)

