Release 14.7 - xst P.20131013 (nt64)
Copyright (c) 1995-2013 Xilinx, Inc.  All rights reserved.
--> Parameter TMPDIR set to xst/projnav.tmp


Total REAL time to Xst completion: 0.00 secs
Total CPU time to Xst completion: 0.11 secs
 
--> Parameter xsthdpdir set to xst


Total REAL time to Xst completion: 0.00 secs
Total CPU time to Xst completion: 0.11 secs
 
--> Reading design: microProcessor.prj

TABLE OF CONTENTS
  1) Synthesis Options Summary
  2) HDL Parsing
  3) HDL Elaboration
  4) HDL Synthesis
       4.1) HDL Synthesis Report
  5) Advanced HDL Synthesis
       5.1) Advanced HDL Synthesis Report
  6) Low Level Synthesis
  7) Partition Report
  8) Design Summary
       8.1) Primitive and Black Box Usage
       8.2) Device utilization summary
       8.3) Partition Resource Summary
       8.4) Timing Report
            8.4.1) Clock Information
            8.4.2) Asynchronous Control Signals Information
            8.4.3) Timing Summary
            8.4.4) Timing Details
            8.4.5) Cross Clock Domains Report


=========================================================================
*                      Synthesis Options Summary                        *
=========================================================================
---- Source Parameters
Input File Name                    : "microProcessor.prj"
Ignore Synthesis Constraint File   : NO

---- Target Parameters
Output File Name                   : "microProcessor"
Output Format                      : NGC
Target Device                      : xc6slx45-3-csg324

---- Source Options
Top Module Name                    : microProcessor
Automatic FSM Extraction           : YES
FSM Encoding Algorithm             : Auto
Safe Implementation                : No
FSM Style                          : LUT
RAM Extraction                     : Yes
RAM Style                          : Auto
ROM Extraction                     : Yes
Shift Register Extraction          : YES
ROM Style                          : Auto
Resource Sharing                   : YES
Asynchronous To Synchronous        : NO
Shift Register Minimum Size        : 2
Use DSP Block                      : Auto
Automatic Register Balancing       : No

---- Target Options
LUT Combining                      : Auto
Reduce Control Sets                : Auto
Add IO Buffers                     : YES
Global Maximum Fanout              : 100000
Add Generic Clock Buffer(BUFG)     : 16
Register Duplication               : YES
Optimize Instantiated Primitives   : NO
Use Clock Enable                   : Auto
Use Synchronous Set                : Auto
Use Synchronous Reset              : Auto
Pack IO Registers into IOBs        : Auto
Equivalent register Removal        : YES

---- General Options
Optimization Goal                  : Speed
Optimization Effort                : 1
Power Reduction                    : NO
Keep Hierarchy                     : No
Netlist Hierarchy                  : As_Optimized
RTL Output                         : Yes
Global Optimization                : AllClockNets
Read Cores                         : YES
Write Timing Constraints           : NO
Cross Clock Analysis               : NO
Hierarchy Separator                : /
Bus Delimiter                      : <>
Case Specifier                     : Maintain
Slice Utilization Ratio            : 100
BRAM Utilization Ratio             : 100
DSP48 Utilization Ratio            : 100
Auto BRAM Packing                  : NO
Slice Utilization Ratio Delta      : 5

=========================================================================


=========================================================================
*                          HDL Parsing                                  *
=========================================================================
Analyzing Verilog file "C:\Users\adhit\Desktop\Processor Design\Projects\Processor\Start\microProcessor.v" into library work
Parsing module <microProcessor>.

=========================================================================
*                            HDL Elaboration                            *
=========================================================================

Elaborating module <microProcessor>.
WARNING:HDLCompiler:91 - "C:\Users\adhit\Desktop\Processor Design\Projects\Processor\Start\microProcessor.v" Line 132: Signal <ROM> missing in the sensitivity list is added for synthesis purposes. HDL and post-synthesis simulations may differ as a result.

=========================================================================
*                           HDL Synthesis                               *
=========================================================================

Synthesizing Unit <microProcessor>.
    Related source file is "C:\Users\adhit\Desktop\Processor Design\Projects\Processor\Start\microProcessor.v".
        JMPZY1 = 8'b00110010
        JMPZN1 = 8'b00110000
WARNING:Xst:2999 - Signal 'ROM', unconnected in block 'microProcessor', is tied to its initial value.
    Found 64x31-bit single-port Read Only RAM <Mram_ROM> for signal <ROM>.
    Found 6-bit register for signal <next_addr<5:0>>.
    Summary:
	inferred   1 RAM(s).
	inferred   6 D-type flip-flop(s).
Unit <microProcessor> synthesized.

=========================================================================
HDL Synthesis Report

Macro Statistics
# RAMs                                                 : 1
 64x31-bit single-port Read Only RAM                   : 1
# Registers                                            : 1
 6-bit register                                        : 1

=========================================================================

=========================================================================
*                       Advanced HDL Synthesis                          *
=========================================================================


Synthesizing (advanced) Unit <microProcessor>.
INFO:Xst:3231 - The small RAM <Mram_ROM> will be implemented on LUTs in order to maximize performance and save block RAM resources. If you want to force its implementation on block, use option/constraint ram_style.
    -----------------------------------------------------------------------
    | ram_type           | Distributed                         |          |
    -----------------------------------------------------------------------
    | Port A                                                              |
    |     aspect ratio   | 64-word x 31-bit                    |          |
    |     weA            | connected to signal <GND>           | high     |
    |     addrA          | connected to signal <next_addr>     |          |
    |     diA            | connected to signal <GND>           |          |
    |     doA            | connected to signal <MIR>           |          |
    -----------------------------------------------------------------------
Unit <microProcessor> synthesized (advanced).

=========================================================================
Advanced HDL Synthesis Report

Macro Statistics
# RAMs                                                 : 1
 64x31-bit single-port distributed Read Only RAM       : 1
# Registers                                            : 6
 Flip-Flops                                            : 6

=========================================================================

=========================================================================
*                         Low Level Synthesis                           *
=========================================================================

Optimizing unit <microProcessor> ...

Mapping all equations...
Building and optimizing final netlist ...
Found area constraint ratio of 100 (+ 5) on block microProcessor, actual ratio is 0.

Final Macro Processing ...

=========================================================================
Final Register Report

Macro Statistics
# Registers                                            : 6
 Flip-Flops                                            : 6

=========================================================================

=========================================================================
*                           Partition Report                            *
=========================================================================

Partition Implementation Status
-------------------------------

  No Partitions were found in this design.

-------------------------------

=========================================================================
*                            Design Summary                             *
=========================================================================

Top Level Output File Name         : microProcessor.ngc

Primitive and Black Box Usage:
------------------------------
# BELS                             : 34
#      GND                         : 1
#      LUT4                        : 5
#      LUT5                        : 1
#      LUT6                        : 27
# FlipFlops/Latches                : 6
#      FD_1                        : 6
# Clock Buffers                    : 1
#      BUFGP                       : 1
# IO Buffers                       : 46
#      IBUF                        : 15
#      OBUF                        : 31

Device utilization summary:
---------------------------

Selected Device : 6slx45csg324-3 


Slice Logic Utilization: 
 Number of Slice Registers:               6  out of  54576     0%  
 Number of Slice LUTs:                   33  out of  27288     0%  
    Number used as Logic:                33  out of  27288     0%  

Slice Logic Distribution: 
 Number of LUT Flip Flop pairs used:     33
   Number with an unused Flip Flop:      27  out of     33    81%  
   Number with an unused LUT:             0  out of     33     0%  
   Number of fully used LUT-FF pairs:     6  out of     33    18%  
   Number of unique control sets:         1

IO Utilization: 
 Number of IOs:                          51
 Number of bonded IOBs:                  47  out of    218    21%  

Specific Feature Utilization:
 Number of BUFG/BUFGCTRLs:                1  out of     16     6%  

---------------------------
Partition Resource Summary:
---------------------------

  No Partitions were found in this design.

---------------------------


=========================================================================
Timing Report

NOTE: THESE TIMING NUMBERS ARE ONLY A SYNTHESIS ESTIMATE.
      FOR ACCURATE TIMING INFORMATION PLEASE REFER TO THE TRACE REPORT
      GENERATED AFTER PLACE-and-ROUTE.

Clock Information:
------------------
-----------------------------------+------------------------+-------+
Clock Signal                       | Clock buffer(FF name)  | Load  |
-----------------------------------+------------------------+-------+
clk                                | BUFGP                  | 6     |
-----------------------------------+------------------------+-------+

Asynchronous Control Signals Information:
----------------------------------------
No asynchronous control signals found in this design

Timing Summary:
---------------
Speed Grade: -3

   Minimum period: No path found
   Minimum input arrival time before clock: 2.616ns
   Maximum output required time after clock: 5.385ns
   Maximum combinational path delay: No path found

Timing Details:
---------------
All values displayed in nanoseconds (ns)

=========================================================================
Timing constraint: Default OFFSET IN BEFORE for Clock 'clk'
  Total number of paths / destination ports: 25 / 6
-------------------------------------------------------------------------
Offset:              2.616ns (Levels of Logic = 2)
  Source:            addr_sel (PAD)
  Destination:       next_addr_1 (FF)
  Destination Clock: clk falling

  Data Path: addr_sel to next_addr_1
                                Gate     Net
    Cell:in->out      fanout   Delay   Delay  Logical Name (Net Name)
    ----------------------------------------  ------------
     IBUF:I->O             6   1.222   1.089  addr_sel_IBUF (addr_sel_IBUF)
     LUT5:I0->O            1   0.203   0.000  n0014<7>1 (n0014<1>)
     FD_1:D                    0.102          next_addr_1
    ----------------------------------------
    Total                      2.616ns (1.527ns logic, 1.089ns route)
                                       (58.4% logic, 41.6% route)

=========================================================================
Timing constraint: Default OFFSET OUT AFTER for Clock 'clk'
  Total number of paths / destination ports: 162 / 27
-------------------------------------------------------------------------
Offset:              5.385ns (Levels of Logic = 2)
  Source:            next_addr_2 (FF)
  Destination:       MIR<26> (PAD)
  Source Clock:      clk falling

  Data Path: next_addr_2 to MIR<26>
                                Gate     Net
    Cell:in->out      fanout   Delay   Delay  Logical Name (Net Name)
    ----------------------------------------  ------------
     FD_1:C->Q            27   0.447   1.585  next_addr_2 (next_addr_2)
     LUT6:I0->O            1   0.203   0.579  Mram_ROM51 (MIR_5_OBUF)
     OBUF:I->O                 2.571          MIR_5_OBUF (MIR<5>)
    ----------------------------------------
    Total                      5.385ns (3.221ns logic, 2.164ns route)
                                       (59.8% logic, 40.2% route)

=========================================================================

Cross Clock Domains Report:
--------------------------

=========================================================================


Total REAL time to Xst completion: 6.00 secs
Total CPU time to Xst completion: 5.91 secs
 
--> 

Total memory usage is 291280 kilobytes

Number of errors   :    0 (   0 filtered)
Number of warnings :    2 (   0 filtered)
Number of infos    :    1 (   0 filtered)

