Release 14.7 - xst P.20131013 (nt64)
Copyright (c) 1995-2013 Xilinx, Inc.  All rights reserved.
--> Parameter TMPDIR set to xst/projnav.tmp


Total REAL time to Xst completion: 0.00 secs
Total CPU time to Xst completion: 0.13 secs
 
--> Parameter xsthdpdir set to xst


Total REAL time to Xst completion: 0.00 secs
Total CPU time to Xst completion: 0.13 secs
 
--> Reading design: UART_TX.prj

TABLE OF CONTENTS
  1) Synthesis Options Summary
  2) HDL Parsing
  3) HDL Elaboration
  4) HDL Synthesis
       4.1) HDL Synthesis Report
  5) Advanced HDL Synthesis
       5.1) Advanced HDL Synthesis Report
  6) Low Level Synthesis
  7) Partition Report
  8) Design Summary
       8.1) Primitive and Black Box Usage
       8.2) Device utilization summary
       8.3) Partition Resource Summary
       8.4) Timing Report
            8.4.1) Clock Information
            8.4.2) Asynchronous Control Signals Information
            8.4.3) Timing Summary
            8.4.4) Timing Details
            8.4.5) Cross Clock Domains Report


=========================================================================
*                      Synthesis Options Summary                        *
=========================================================================
---- Source Parameters
Input File Name                    : "UART_TX.prj"
Ignore Synthesis Constraint File   : NO

---- Target Parameters
Output File Name                   : "UART_TX"
Output Format                      : NGC
Target Device                      : xc6slx45-3-csg324

---- Source Options
Top Module Name                    : UART_TX
Automatic FSM Extraction           : YES
FSM Encoding Algorithm             : Auto
Safe Implementation                : No
FSM Style                          : LUT
RAM Extraction                     : Yes
RAM Style                          : Auto
ROM Extraction                     : Yes
Shift Register Extraction          : YES
ROM Style                          : Auto
Resource Sharing                   : YES
Asynchronous To Synchronous        : NO
Shift Register Minimum Size        : 2
Use DSP Block                      : Auto
Automatic Register Balancing       : No

---- Target Options
LUT Combining                      : Auto
Reduce Control Sets                : Auto
Add IO Buffers                     : YES
Global Maximum Fanout              : 100000
Add Generic Clock Buffer(BUFG)     : 16
Register Duplication               : YES
Optimize Instantiated Primitives   : NO
Use Clock Enable                   : Auto
Use Synchronous Set                : Auto
Use Synchronous Reset              : Auto
Pack IO Registers into IOBs        : Auto
Equivalent register Removal        : YES

---- General Options
Optimization Goal                  : Speed
Optimization Effort                : 1
Power Reduction                    : NO
Keep Hierarchy                     : No
Netlist Hierarchy                  : As_Optimized
RTL Output                         : Yes
Global Optimization                : AllClockNets
Read Cores                         : YES
Write Timing Constraints           : NO
Cross Clock Analysis               : NO
Hierarchy Separator                : /
Bus Delimiter                      : <>
Case Specifier                     : Maintain
Slice Utilization Ratio            : 100
BRAM Utilization Ratio             : 100
DSP48 Utilization Ratio            : 100
Auto BRAM Packing                  : NO
Slice Utilization Ratio Delta      : 5

=========================================================================


=========================================================================
*                          HDL Parsing                                  *
=========================================================================
Analyzing Verilog file "C:\Users\adhit\Desktop\Processor Design\Projects\Start\UART_TX.v" into library work
Parsing module <UART_TX>.

=========================================================================
*                            HDL Elaboration                            *
=========================================================================

Elaborating module <UART_TX>.

=========================================================================
*                           HDL Synthesis                               *
=========================================================================

Synthesizing Unit <UART_TX>.
    Related source file is "C:\Users\adhit\Desktop\Processor Design\Projects\Start\UART_TX.v".
        DBIT = 8
        SB_TICK = 16
    Found 1-bit register for signal <tx>.
    Found 4-bit register for signal <s_reg>.
    Found 3-bit register for signal <n_reg>.
    Found 8-bit register for signal <b_reg>.
    Found 2-bit register for signal <state_reg>.
    Found finite state machine <FSM_0> for signal <state_reg>.
    -----------------------------------------------------------------------
    | States             | 4                                              |
    | Transitions        | 12                                             |
    | Inputs             | 4                                              |
    | Outputs            | 2                                              |
    | Clock              | clk (rising_edge)                              |
    | Reset              | reset (positive)                               |
    | Reset type         | asynchronous                                   |
    | Reset State        | 00                                             |
    | Encoding           | auto                                           |
    | Implementation     | LUT                                            |
    -----------------------------------------------------------------------
    Found 3-bit adder for signal <n_reg[2]_GND_1_o_add_17_OUT> created at line 105.
    Found 4-bit adder for signal <s_reg[3]_GND_1_o_add_30_OUT> created at line 121.
    Found 4-bit 4-to-1 multiplexer for signal <s_next> created at line 67.
    Summary:
	inferred   2 Adder/Subtractor(s).
	inferred  16 D-type flip-flop(s).
	inferred  10 Multiplexer(s).
	inferred   1 Finite State Machine(s).
Unit <UART_TX> synthesized.

=========================================================================
HDL Synthesis Report

Macro Statistics
# Adders/Subtractors                                   : 2
 3-bit adder                                           : 1
 4-bit adder                                           : 1
# Registers                                            : 4
 1-bit register                                        : 1
 3-bit register                                        : 1
 4-bit register                                        : 1
 8-bit register                                        : 1
# Multiplexers                                         : 10
 1-bit 2-to-1 multiplexer                              : 2
 3-bit 2-to-1 multiplexer                              : 1
 4-bit 2-to-1 multiplexer                              : 5
 4-bit 4-to-1 multiplexer                              : 1
 8-bit 2-to-1 multiplexer                              : 1
# FSMs                                                 : 1

=========================================================================

=========================================================================
*                       Advanced HDL Synthesis                          *
=========================================================================


Synthesizing (advanced) Unit <UART_TX>.
The following registers are absorbed into counter <n_reg>: 1 register on signal <n_reg>.
Unit <UART_TX> synthesized (advanced).

=========================================================================
Advanced HDL Synthesis Report

Macro Statistics
# Adders/Subtractors                                   : 1
 4-bit adder                                           : 1
# Counters                                             : 1
 3-bit up counter                                      : 1
# Registers                                            : 13
 Flip-Flops                                            : 13
# Multiplexers                                         : 9
 1-bit 2-to-1 multiplexer                              : 2
 4-bit 2-to-1 multiplexer                              : 5
 4-bit 4-to-1 multiplexer                              : 1
 8-bit 2-to-1 multiplexer                              : 1
# FSMs                                                 : 1

=========================================================================

=========================================================================
*                         Low Level Synthesis                           *
=========================================================================
Analyzing FSM <MFsm> for best encoding.
Optimizing FSM <FSM_0> on signal <state_reg[1:2]> with gray encoding.
-------------------
 State | Encoding
-------------------
 00    | 00
 01    | 01
 10    | 11
 11    | 10
-------------------

Optimizing unit <UART_TX> ...

Mapping all equations...
Building and optimizing final netlist ...
Found area constraint ratio of 100 (+ 5) on block UART_TX, actual ratio is 0.

Final Macro Processing ...

=========================================================================
Final Register Report

Macro Statistics
# Registers                                            : 18
 Flip-Flops                                            : 18

=========================================================================

=========================================================================
*                           Partition Report                            *
=========================================================================

Partition Implementation Status
-------------------------------

  No Partitions were found in this design.

-------------------------------

=========================================================================
*                            Design Summary                             *
=========================================================================

Top Level Output File Name         : UART_TX.ngc

Primitive and Black Box Usage:
------------------------------
# BELS                             : 37
#      LUT2                        : 2
#      LUT3                        : 12
#      LUT4                        : 4
#      LUT5                        : 5
#      LUT6                        : 10
#      MUXF7                       : 4
# FlipFlops/Latches                : 18
#      FDC                         : 6
#      FDCE                        : 11
#      FDP                         : 1
# Clock Buffers                    : 1
#      BUFGP                       : 1
# IO Buffers                       : 13
#      IBUF                        : 11
#      OBUF                        : 2

Device utilization summary:
---------------------------

Selected Device : 6slx45csg324-3 


Slice Logic Utilization: 
 Number of Slice Registers:              18  out of  54576     0%  
 Number of Slice LUTs:                   33  out of  27288     0%  
    Number used as Logic:                33  out of  27288     0%  

Slice Logic Distribution: 
 Number of LUT Flip Flop pairs used:     33
   Number with an unused Flip Flop:      15  out of     33    45%  
   Number with an unused LUT:             0  out of     33     0%  
   Number of fully used LUT-FF pairs:    18  out of     33    54%  
   Number of unique control sets:         3

IO Utilization: 
 Number of IOs:                          14
 Number of bonded IOBs:                  14  out of    218     6%  

Specific Feature Utilization:
 Number of BUFG/BUFGCTRLs:                1  out of     16     6%  

---------------------------
Partition Resource Summary:
---------------------------

  No Partitions were found in this design.

---------------------------


=========================================================================
Timing Report

NOTE: THESE TIMING NUMBERS ARE ONLY A SYNTHESIS ESTIMATE.
      FOR ACCURATE TIMING INFORMATION PLEASE REFER TO THE TRACE REPORT
      GENERATED AFTER PLACE-and-ROUTE.

Clock Information:
------------------
-----------------------------------+------------------------+-------+
Clock Signal                       | Clock buffer(FF name)  | Load  |
-----------------------------------+------------------------+-------+
clk                                | BUFGP                  | 18    |
-----------------------------------+------------------------+-------+

Asynchronous Control Signals Information:
----------------------------------------
No asynchronous control signals found in this design

Timing Summary:
---------------
Speed Grade: -3

   Minimum period: 3.865ns (Maximum Frequency: 258.699MHz)
   Minimum input arrival time before clock: 4.052ns
   Maximum output required time after clock: 6.120ns
   Maximum combinational path delay: 5.850ns

Timing Details:
---------------
All values displayed in nanoseconds (ns)

=========================================================================
Timing constraint: Default period analysis for Clock 'clk'
  Clock period: 3.865ns (frequency: 258.699MHz)
  Total number of paths / destination ports: 174 / 29
-------------------------------------------------------------------------
Delay:               3.865ns (Levels of Logic = 2)
  Source:            s_reg_2 (FF)
  Destination:       b_reg_0 (FF)
  Source Clock:      clk rising
  Destination Clock: clk rising

  Data Path: s_reg_2 to b_reg_0
                                Gate     Net
    Cell:in->out      fanout   Delay   Delay  Logical Name (Net Name)
    ----------------------------------------  ------------
     FDC:C->Q              7   0.447   1.002  s_reg_2 (s_reg_2)
     LUT4:I1->O           11   0.205   0.883  GND_1_o_GND_1_o_equal_30_o<3>1 (GND_1_o_GND_1_o_equal_30_o)
     LUT5:I4->O            8   0.205   0.802  _n0130_inv1 (_n0130_inv)
     FDCE:CE                   0.322          b_reg_0
    ----------------------------------------
    Total                      3.865ns (1.179ns logic, 2.687ns route)
                                       (30.5% logic, 69.5% route)

=========================================================================
Timing constraint: Default OFFSET IN BEFORE for Clock 'clk'
  Total number of paths / destination ports: 67 / 43
-------------------------------------------------------------------------
Offset:              4.052ns (Levels of Logic = 4)
  Source:            s_tick (PAD)
  Destination:       s_reg_2 (FF)
  Destination Clock: clk rising

  Data Path: s_tick to s_reg_2
                                Gate     Net
    Cell:in->out      fanout   Delay   Delay  Logical Name (Net Name)
    ----------------------------------------  ------------
     IBUF:I->O            17   1.222   1.372  s_tick_IBUF (s_tick_IBUF)
     LUT6:I1->O            1   0.203   0.000  Mmux_s_next211_SW1_G (N20)
     MUXF7:I1->O           1   0.140   0.808  Mmux_s_next211_SW1 (N15)
     LUT6:I3->O            1   0.205   0.000  Mmux_s_next31 (s_next<2>)
     FDC:D                     0.102          s_reg_2
    ----------------------------------------
    Total                      4.052ns (1.872ns logic, 2.180ns route)
                                       (46.2% logic, 53.8% route)

=========================================================================
Timing constraint: Default OFFSET OUT AFTER for Clock 'clk'
  Total number of paths / destination ports: 7 / 2
-------------------------------------------------------------------------
Offset:              6.120ns (Levels of Logic = 3)
  Source:            s_reg_2 (FF)
  Destination:       tx_done_tick (PAD)
  Source Clock:      clk rising

  Data Path: s_reg_2 to tx_done_tick
                                Gate     Net
    Cell:in->out      fanout   Delay   Delay  Logical Name (Net Name)
    ----------------------------------------  ------------
     FDC:C->Q              7   0.447   1.002  s_reg_2 (s_reg_2)
     LUT4:I1->O           11   0.205   1.111  GND_1_o_GND_1_o_equal_30_o<3>1 (GND_1_o_GND_1_o_equal_30_o)
     LUT4:I1->O            1   0.205   0.579  Mmux_tx_done_tick11 (tx_done_tick_OBUF)
     OBUF:I->O                 2.571          tx_done_tick_OBUF (tx_done_tick)
    ----------------------------------------
    Total                      6.120ns (3.428ns logic, 2.692ns route)
                                       (56.0% logic, 44.0% route)

=========================================================================
Timing constraint: Default path analysis
  Total number of paths / destination ports: 1 / 1
-------------------------------------------------------------------------
Delay:               5.850ns (Levels of Logic = 3)
  Source:            s_tick (PAD)
  Destination:       tx_done_tick (PAD)

  Data Path: s_tick to tx_done_tick
                                Gate     Net
    Cell:in->out      fanout   Delay   Delay  Logical Name (Net Name)
    ----------------------------------------  ------------
     IBUF:I->O            17   1.222   1.275  s_tick_IBUF (s_tick_IBUF)
     LUT4:I0->O            1   0.203   0.579  Mmux_tx_done_tick11 (tx_done_tick_OBUF)
     OBUF:I->O                 2.571          tx_done_tick_OBUF (tx_done_tick)
    ----------------------------------------
    Total                      5.850ns (3.996ns logic, 1.854ns route)
                                       (68.3% logic, 31.7% route)

=========================================================================

Cross Clock Domains Report:
--------------------------

Clock to Setup on destination clock clk
---------------+---------+---------+---------+---------+
               | Src:Rise| Src:Fall| Src:Rise| Src:Fall|
Source Clock   |Dest:Rise|Dest:Rise|Dest:Fall|Dest:Fall|
---------------+---------+---------+---------+---------+
clk            |    3.865|         |         |         |
---------------+---------+---------+---------+---------+

=========================================================================


Total REAL time to Xst completion: 7.00 secs
Total CPU time to Xst completion: 7.33 secs
 
--> 

Total memory usage is 291856 kilobytes

Number of errors   :    0 (   0 filtered)
Number of warnings :    0 (   0 filtered)
Number of infos    :    0 (   0 filtered)

